<?xml version="1.0" encoding="UTF-8"?>
<testng-results ignored="0" total="1" passed="1" failed="0" skipped="0">
  <reporter-output>
    <line>
      <![CDATA[Jai Shree Ram...]]>
    </line>
    <line>
      <![CDATA[Jai Shree Ram...]]>
    </line>
  </reporter-output>
  <suite started-at="2023-07-09T17:22:27 IST" name="Default suite" finished-at="2023-07-09T17:22:44 IST" duration-ms="17350">
    <groups>
    </groups>
    <test started-at="2023-07-09T17:22:27 IST" name="Default test" finished-at="2023-07-09T17:22:44 IST" duration-ms="17350">
      <class name="Module1_Login_Test.SwagClassForGit">
        <test-method is-config="true" signature="openBrowser()[pri:0, instance:Module1_Login_Test.SwagClassForGit@8458f04]" started-at="2023-07-09T17:22:27 IST" name="openBrowser" finished-at="2023-07-09T17:22:34 IST" duration-ms="7454" status="PASS">
          <reporter-output>
          </reporter-output>
        </test-method> <!-- openBrowser -->
        <test-method is-config="true" signature="loginToApp()[pri:0, instance:Module1_Login_Test.SwagClassForGit@8458f04]" started-at="2023-07-09T17:22:34 IST" name="loginToApp" finished-at="2023-07-09T17:22:38 IST" duration-ms="3485" status="PASS">
          <reporter-output>
          </reporter-output>
        </test-method> <!-- loginToApp -->
        <test-method signature="verifyLogo()[pri:1, instance:Module1_Login_Test.SwagClassForGit@8458f04]" started-at="2023-07-09T17:22:38 IST" name="verifyLogo" finished-at="2023-07-09T17:22:40 IST" duration-ms="2053" status="PASS">
          <reporter-output>
            <line>
              <![CDATA[Jai Shree Ram...]]>
            </line>
            <line>
              <![CDATA[Jai Shree Ram...]]>
            </line>
          </reporter-output>
        </test-method> <!-- verifyLogo -->
        <test-method is-config="true" signature="logoutFromApp(org.testng.ITestResult)[pri:0, instance:Module1_Login_Test.SwagClassForGit@8458f04]" started-at="2023-07-09T17:22:40 IST" name="logoutFromApp" finished-at="2023-07-09T17:22:42 IST" duration-ms="2169" status="PASS">
          <params>
            <param index="0">
              <value>
                <![CDATA[[TestResult name=verifyLogo status=SUCCESS method=SwagClassForGit.verifyLogo()[pri:1, instance:Module1_Login_Test.SwagClassForGit@8458f04] output=Jai Shree Ram...]]]>
              </value>
            </param>
          </params>
          <reporter-output>
          </reporter-output>
        </test-method> <!-- logoutFromApp -->
        <test-method is-config="true" signature="closeBrowser()[pri:0, instance:Module1_Login_Test.SwagClassForGit@8458f04]" started-at="2023-07-09T17:22:42 IST" name="closeBrowser" finished-at="2023-07-09T17:22:44 IST" duration-ms="2127" status="PASS">
          <reporter-output>
          </reporter-output>
        </test-method> <!-- closeBrowser -->
      </class> <!-- Module1_Login_Test.SwagClassForGit -->
    </test> <!-- Default test -->
  </suite> <!-- Default suite -->
</testng-results>
